<?xml version="1.0" encoding="UTF-8"?>
<testsuite xmlns:xsi="http://www.w3.org/2001/XMLSchema-instance" xsi:noNamespaceSchemaLocation="https://maven.apache.org/surefire/maven-surefire-plugin/xsd/surefire-test-report-3.0.xsd" version="3.0" name="com.restful.tests.BookingTests" time="8.067" tests="2" errors="0" skipped="0" failures="0">
  <properties>
    <property name="java.specification.version" value="20"/>
    <property name="sun.jnu.encoding" value="UTF-8"/>
    <property name="java.class.path" value="/home/taygun/IdeaProjects/restful_booker_api_test/target/test-classes:/home/taygun/IdeaProjects/restful_booker_api_test/target/classes:/home/taygun/.m2/repository/io/rest-assured/rest-assured/5.3.2/rest-assured-5.3.2.jar:/home/taygun/.m2/repository/org/apache/groovy/groovy/4.0.11/groovy-4.0.11.jar:/home/taygun/.m2/repository/org/apache/groovy/groovy-xml/4.0.11/groovy-xml-4.0.11.jar:/home/taygun/.m2/repository/org/apache/httpcomponents/httpclient/4.5.13/httpclient-4.5.13.jar:/home/taygun/.m2/repository/org/apache/httpcomponents/httpcore/4.4.13/httpcore-4.4.13.jar:/home/taygun/.m2/repository/commons-logging/commons-logging/1.2/commons-logging-1.2.jar:/home/taygun/.m2/repository/commons-codec/commons-codec/1.11/commons-codec-1.11.jar:/home/taygun/.m2/repository/org/apache/httpcomponents/httpmime/4.5.13/httpmime-4.5.13.jar:/home/taygun/.m2/repository/org/hamcrest/hamcrest/2.2/hamcrest-2.2.jar:/home/taygun/.m2/repository/org/ccil/cowan/tagsoup/tagsoup/1.2.1/tagsoup-1.2.1.jar:/home/taygun/.m2/repository/io/rest-assured/json-path/5.3.2/json-path-5.3.2.jar:/home/taygun/.m2/repository/org/apache/groovy/groovy-json/4.0.11/groovy-json-4.0.11.jar:/home/taygun/.m2/repository/io/rest-assured/rest-assured-common/5.3.2/rest-assured-common-5.3.2.jar:/home/taygun/.m2/repository/io/rest-assured/xml-path/5.3.2/xml-path-5.3.2.jar:/home/taygun/.m2/repository/org/apache/commons/commons-lang3/3.11/commons-lang3-3.11.jar:/home/taygun/.m2/repository/org/json/json/20230618/json-20230618.jar:/home/taygun/.m2/repository/com/fasterxml/jackson/core/jackson-databind/2.15.1/jackson-databind-2.15.1.jar:/home/taygun/.m2/repository/com/fasterxml/jackson/core/jackson-annotations/2.15.1/jackson-annotations-2.15.1.jar:/home/taygun/.m2/repository/com/fasterxml/jackson/core/jackson-core/2.15.1/jackson-core-2.15.1.jar:/home/taygun/.m2/repository/io/rest-assured/json-schema-validator/5.3.0/json-schema-validator-5.3.0.jar:/home/taygun/.m2/repository/com/github/java-json-tools/json-schema-validator/2.2.14/json-schema-validator-2.2.14.jar:/home/taygun/.m2/repository/com/google/guava/guava/28.2-android/guava-28.2-android.jar:/home/taygun/.m2/repository/com/google/guava/failureaccess/1.0.1/failureaccess-1.0.1.jar:/home/taygun/.m2/repository/com/google/guava/listenablefuture/9999.0-empty-to-avoid-conflict-with-guava/listenablefuture-9999.0-empty-to-avoid-conflict-with-guava.jar:/home/taygun/.m2/repository/org/checkerframework/checker-compat-qual/2.5.5/checker-compat-qual-2.5.5.jar:/home/taygun/.m2/repository/com/google/errorprone/error_prone_annotations/2.3.4/error_prone_annotations-2.3.4.jar:/home/taygun/.m2/repository/com/google/j2objc/j2objc-annotations/1.3/j2objc-annotations-1.3.jar:/home/taygun/.m2/repository/com/github/java-json-tools/jackson-coreutils-equivalence/1.0/jackson-coreutils-equivalence-1.0.jar:/home/taygun/.m2/repository/com/github/java-json-tools/jackson-coreutils/2.0/jackson-coreutils-2.0.jar:/home/taygun/.m2/repository/com/github/java-json-tools/msg-simple/1.2/msg-simple-1.2.jar:/home/taygun/.m2/repository/com/github/java-json-tools/btf/1.3/btf-1.3.jar:/home/taygun/.m2/repository/com/github/java-json-tools/json-schema-core/1.2.14/json-schema-core-1.2.14.jar:/home/taygun/.m2/repository/com/github/java-json-tools/uri-template/0.10/uri-template-0.10.jar:/home/taygun/.m2/repository/org/mozilla/rhino/1.7.7.2/rhino-1.7.7.2.jar:/home/taygun/.m2/repository/com/sun/mail/mailapi/1.6.2/mailapi-1.6.2.jar:/home/taygun/.m2/repository/joda-time/joda-time/2.10.5/joda-time-2.10.5.jar:/home/taygun/.m2/repository/com/googlecode/libphonenumber/libphonenumber/8.11.1/libphonenumber-8.11.1.jar:/home/taygun/.m2/repository/com/google/code/findbugs/jsr305/3.0.2/jsr305-3.0.2.jar:/home/taygun/.m2/repository/net/sf/jopt-simple/jopt-simple/5.0.4/jopt-simple-5.0.4.jar:/home/taygun/.m2/repository/org/testng/testng/7.8.0/testng-7.8.0.jar:/home/taygun/.m2/repository/org/slf4j/slf4j-api/1.7.36/slf4j-api-1.7.36.jar:/home/taygun/.m2/repository/com/beust/jcommander/1.82/jcommander-1.82.jar:/home/taygun/.m2/repository/org/webjars/jquery/3.6.1/jquery-3.6.1.jar:"/>
    <property name="java.vm.vendor" value="Oracle Corporation"/>
    <property name="sun.arch.data.model" value="64"/>
    <property name="java.vendor.url" value="https://java.oracle.com/"/>
    <property name="user.timezone" value="Europe/Istanbul"/>
    <property name="os.name" value="Linux"/>
    <property name="java.vm.specification.version" value="20"/>
    <property name="sun.java.launcher" value="SUN_STANDARD"/>
    <property name="user.country" value="AG"/>
    <property name="sun.boot.library.path" value="/usr/lib/jvm/java-20-jdk/lib"/>
    <property name="sun.java.command" value="/home/taygun/IdeaProjects/restful_booker_api_test/target/surefire/surefirebooter-20231010082542274_3.jar /home/taygun/IdeaProjects/restful_booker_api_test/target/surefire 2023-10-10T08-25-42_142-jvmRun1 surefire-20231010082542274_1tmp surefire_0-20231010082542274_2tmp"/>
    <property name="jdk.debug" value="release"/>
    <property name="surefire.test.class.path" value="/home/taygun/IdeaProjects/restful_booker_api_test/target/test-classes:/home/taygun/IdeaProjects/restful_booker_api_test/target/classes:/home/taygun/.m2/repository/io/rest-assured/rest-assured/5.3.2/rest-assured-5.3.2.jar:/home/taygun/.m2/repository/org/apache/groovy/groovy/4.0.11/groovy-4.0.11.jar:/home/taygun/.m2/repository/org/apache/groovy/groovy-xml/4.0.11/groovy-xml-4.0.11.jar:/home/taygun/.m2/repository/org/apache/httpcomponents/httpclient/4.5.13/httpclient-4.5.13.jar:/home/taygun/.m2/repository/org/apache/httpcomponents/httpcore/4.4.13/httpcore-4.4.13.jar:/home/taygun/.m2/repository/commons-logging/commons-logging/1.2/commons-logging-1.2.jar:/home/taygun/.m2/repository/commons-codec/commons-codec/1.11/commons-codec-1.11.jar:/home/taygun/.m2/repository/org/apache/httpcomponents/httpmime/4.5.13/httpmime-4.5.13.jar:/home/taygun/.m2/repository/org/hamcrest/hamcrest/2.2/hamcrest-2.2.jar:/home/taygun/.m2/repository/org/ccil/cowan/tagsoup/tagsoup/1.2.1/tagsoup-1.2.1.jar:/home/taygun/.m2/repository/io/rest-assured/json-path/5.3.2/json-path-5.3.2.jar:/home/taygun/.m2/repository/org/apache/groovy/groovy-json/4.0.11/groovy-json-4.0.11.jar:/home/taygun/.m2/repository/io/rest-assured/rest-assured-common/5.3.2/rest-assured-common-5.3.2.jar:/home/taygun/.m2/repository/io/rest-assured/xml-path/5.3.2/xml-path-5.3.2.jar:/home/taygun/.m2/repository/org/apache/commons/commons-lang3/3.11/commons-lang3-3.11.jar:/home/taygun/.m2/repository/org/json/json/20230618/json-20230618.jar:/home/taygun/.m2/repository/com/fasterxml/jackson/core/jackson-databind/2.15.1/jackson-databind-2.15.1.jar:/home/taygun/.m2/repository/com/fasterxml/jackson/core/jackson-annotations/2.15.1/jackson-annotations-2.15.1.jar:/home/taygun/.m2/repository/com/fasterxml/jackson/core/jackson-core/2.15.1/jackson-core-2.15.1.jar:/home/taygun/.m2/repository/io/rest-assured/json-schema-validator/5.3.0/json-schema-validator-5.3.0.jar:/home/taygun/.m2/repository/com/github/java-json-tools/json-schema-validator/2.2.14/json-schema-validator-2.2.14.jar:/home/taygun/.m2/repository/com/google/guava/guava/28.2-android/guava-28.2-android.jar:/home/taygun/.m2/repository/com/google/guava/failureaccess/1.0.1/failureaccess-1.0.1.jar:/home/taygun/.m2/repository/com/google/guava/listenablefuture/9999.0-empty-to-avoid-conflict-with-guava/listenablefuture-9999.0-empty-to-avoid-conflict-with-guava.jar:/home/taygun/.m2/repository/org/checkerframework/checker-compat-qual/2.5.5/checker-compat-qual-2.5.5.jar:/home/taygun/.m2/repository/com/google/errorprone/error_prone_annotations/2.3.4/error_prone_annotations-2.3.4.jar:/home/taygun/.m2/repository/com/google/j2objc/j2objc-annotations/1.3/j2objc-annotations-1.3.jar:/home/taygun/.m2/repository/com/github/java-json-tools/jackson-coreutils-equivalence/1.0/jackson-coreutils-equivalence-1.0.jar:/home/taygun/.m2/repository/com/github/java-json-tools/jackson-coreutils/2.0/jackson-coreutils-2.0.jar:/home/taygun/.m2/repository/com/github/java-json-tools/msg-simple/1.2/msg-simple-1.2.jar:/home/taygun/.m2/repository/com/github/java-json-tools/btf/1.3/btf-1.3.jar:/home/taygun/.m2/repository/com/github/java-json-tools/json-schema-core/1.2.14/json-schema-core-1.2.14.jar:/home/taygun/.m2/repository/com/github/java-json-tools/uri-template/0.10/uri-template-0.10.jar:/home/taygun/.m2/repository/org/mozilla/rhino/1.7.7.2/rhino-1.7.7.2.jar:/home/taygun/.m2/repository/com/sun/mail/mailapi/1.6.2/mailapi-1.6.2.jar:/home/taygun/.m2/repository/joda-time/joda-time/2.10.5/joda-time-2.10.5.jar:/home/taygun/.m2/repository/com/googlecode/libphonenumber/libphonenumber/8.11.1/libphonenumber-8.11.1.jar:/home/taygun/.m2/repository/com/google/code/findbugs/jsr305/3.0.2/jsr305-3.0.2.jar:/home/taygun/.m2/repository/net/sf/jopt-simple/jopt-simple/5.0.4/jopt-simple-5.0.4.jar:/home/taygun/.m2/repository/org/testng/testng/7.8.0/testng-7.8.0.jar:/home/taygun/.m2/repository/org/slf4j/slf4j-api/1.7.36/slf4j-api-1.7.36.jar:/home/taygun/.m2/repository/com/beust/jcommander/1.82/jcommander-1.82.jar:/home/taygun/.m2/repository/org/webjars/jquery/3.6.1/jquery-3.6.1.jar:"/>
    <property name="sun.cpu.endian" value="little"/>
    <property name="user.home" value="/home/taygun"/>
    <property name="user.language" value="en"/>
    <property name="java.specification.vendor" value="Oracle Corporation"/>
    <property name="java.version.date" value="2023-07-18"/>
    <property name="java.home" value="/usr/lib/jvm/java-20-jdk"/>
    <property name="file.separator" value="/"/>
    <property name="basedir" value="/home/taygun/IdeaProjects/restful_booker_api_test"/>
    <property name="java.vm.compressedOopsMode" value="32-bit"/>
    <property name="line.separator" value="&#10;"/>
    <property name="java.specification.name" value="Java Platform API Specification"/>
    <property name="java.vm.specification.vendor" value="Oracle Corporation"/>
    <property name="surefire.real.class.path" value="/home/taygun/IdeaProjects/restful_booker_api_test/target/surefire/surefirebooter-20231010082542274_3.jar"/>
    <property name="sun.management.compiler" value="HotSpot 64-Bit Tiered Compilers"/>
    <property name="java.runtime.version" value="20.0.2+9-78"/>
    <property name="user.name" value="taygun"/>
    <property name="stdout.encoding" value="UTF-8"/>
    <property name="path.separator" value=":"/>
    <property name="os.version" value="6.5.3-arch1-1"/>
    <property name="java.runtime.name" value="Java(TM) SE Runtime Environment"/>
    <property name="file.encoding" value="UTF-8"/>
    <property name="java.vm.name" value="Java HotSpot(TM) 64-Bit Server VM"/>
    <property name="localRepository" value="/home/taygun/.m2/repository"/>
    <property name="java.vendor.url.bug" value="https://bugreport.java.com/bugreport/"/>
    <property name="java.io.tmpdir" value="/tmp"/>
    <property name="idea.version" value="2023.2.2"/>
    <property name="java.version" value="20.0.2"/>
    <property name="user.dir" value="/home/taygun/IdeaProjects/restful_booker_api_test"/>
    <property name="os.arch" value="amd64"/>
    <property name="java.vm.specification.name" value="Java Virtual Machine Specification"/>
    <property name="native.encoding" value="UTF-8"/>
    <property name="java.library.path" value="/usr/java/packages/lib:/usr/lib64:/lib64:/lib:/usr/lib"/>
    <property name="java.vm.info" value="mixed mode, sharing"/>
    <property name="stderr.encoding" value="UTF-8"/>
    <property name="java.vendor" value="Oracle Corporation"/>
    <property name="java.vm.version" value="20.0.2+9-78"/>
    <property name="sun.io.unicode.encoding" value="UnicodeLittle"/>
    <property name="java.class.version" value="64.0"/>
  </properties>
  <testcase name="ShouldBeAbleToCreteABooking" classname="com.restful.tests.BookingTests" time="5.408">
    <system-out><![CDATA[HTTP/1.1 200 OK
Server: Cowboy
Report-To: {"group":"heroku-nel","max_age":3600,"endpoints":[{"url":"https://nel.heroku.com/reports?ts=1696915545&sid=c46efe9b-d3d2-4a0c-8c76-bfafa16c5add&s=APKb%2FB5j%2BpMVhXauncOaKNRnPpNuRqZrnSxu8tziNB0%3D"}]}
Reporting-Endpoints: heroku-nel=https://nel.heroku.com/reports?ts=1696915545&sid=c46efe9b-d3d2-4a0c-8c76-bfafa16c5add&s=APKb%2FB5j%2BpMVhXauncOaKNRnPpNuRqZrnSxu8tziNB0%3D
Nel: {"report_to":"heroku-nel","max_age":3600,"success_fraction":0.005,"failure_fraction":0.05,"response_headers":["Via"]}
Connection: keep-alive
X-Powered-By: Express
Content-Type: application/json; charset=utf-8
Content-Length: 200
Etag: W/"c8-F8/YcQGm8+w1MA5YcV+xMDLr6GE"
Date: Tue, 10 Oct 2023 05:25:47 GMT
Via: 1.1 vegur

{
    "bookingid": 7251,
    "booking": {
        "firstname": "Ahmet",
        "lastname": "Ismail",
        "totalprice": 111,
        "depositpaid": true,
        "bookingdates": {
            "checkin": "2020-01-01",
            "checkout": "2020-01-02"
        },
        "additionalneeds": "Breakfast"
    }
}
]]></system-out>
    <system-err><![CDATA[SLF4J: Failed to load class "org.slf4j.impl.StaticLoggerBinder".
SLF4J: Defaulting to no-operation (NOP) logger implementation
SLF4J: See http://www.slf4j.org/codes.html#StaticLoggerBinder for further details.
]]></system-err>
  </testcase>
  <testcase name="ShouldBeAbleToGetBookingWithID" classname="com.restful.tests.BookingTests" time="2.149">
    <system-out><![CDATA[Pahalı tatil
]]></system-out>
  </testcase>
</testsuite>