<?xml version="1.0" encoding="UTF-8"?>
<!-- Generated by org.testng.reporters.JUnitReportReporter -->
<testsuite hostname="arch" failures="0" tests="2" name="com.restful.tests.BookingTests" time="7.554" errors="0" timestamp="2023-10-10T08:25:50 TRT" skipped="0">
  <testcase classname="com.restful.tests.BookingTests" name="ShouldBeAbleToCreteABooking" time="5.405"/>
  <testcase classname="com.restful.tests.BookingTests" name="ShouldBeAbleToGetBookingWithID" time="2.149"/>
</testsuite> <!-- com.restful.tests.BookingTests -->
